<?xml version="1.0" encoding="UTF-8"?>
<!-- Generated by org.testng.reporters.JUnitXMLReporter -->
<testsuite ignored="0" hostname="MacBook-Pro.local" failures="1" tests="5" name="Test" time="111.497" errors="0" timestamp="2023-09-25T11:48:10 PDT">
  <testcase classname="e2eTesting.EcommercePageFactoryTesting" name="test" time="14.804"/>
  <testcase classname="e2eTesting.EcommercePageFactoryTesting" name="test" time="14.271"/>
  <testcase classname="e2eTesting.EcommercePageFactoryTesting" name="orderTest" time="7.783"/>
  <testcase classname="e2eTesting.NegativeScenario" name="negativeTest" time="2.437">
    <skipped/>
  </testcase> <!-- negativeTest -->
  <testcase classname="e2eTesting.NegativeScenario" name="negativeTest" time="2.341">
    <failure type="java.lang.AssertionError" message="expected [Incorrect email or password. Extra] but found []">
      <![CDATA[java.lang.AssertionError: expected [Incorrect email or password. Extra] but found []
at e2eTesting.NegativeScenario.negativeTest(NegativeScenario.java:13)
at java.base/java.util.ArrayList.forEach(ArrayList.java:1511)
... Removed 37 stack frames]]>
    </failure>
  </testcase> <!-- negativeTest -->
</testsuite> <!-- Test -->
