<?xml version="1.0" encoding="UTF-8"?>
<testng-results retried="1" ignored="1" total="6" passed="3" failed="1" skipped="0">
  <reporter-output>
  </reporter-output>
  <suite started-at="2023-09-25T14:12:46 PDT" name="Suite" finished-at="2023-09-25T14:14:42 PDT" duration-ms="115100">
    <groups>
      <group name="errorHandling">
        <method signature="NegativeScenario.negativeTest()[pri:0, instance:e2eTesting.NegativeScenario@6fdbe764]" name="negativeTest" class="e2eTesting.NegativeScenario"/>
      </group> <!-- errorHandling -->
    </groups>
    <test started-at="2023-09-25T14:12:46 PDT" name="Test" finished-at="2023-09-25T14:14:42 PDT" duration-ms="115100">
      <class name="e2eTesting.NegativeScenario">
        <test-method is-config="true" signature="launchURL()[pri:0, instance:e2eTesting.NegativeScenario@6fdbe764]" started-at="2023-09-25T14:14:08 PDT" name="launchURL" finished-at="2023-09-25T14:14:21 PDT" duration-ms="13219" status="PASS">
          <reporter-output>
          </reporter-output>
        </test-method> <!-- launchURL -->
        <test-method retried="true" signature="negativeTest()[pri:0, instance:e2eTesting.NegativeScenario@6fdbe764]" started-at="2023-09-25T14:14:21 PDT" name="negativeTest" finished-at="2023-09-25T14:14:24 PDT" duration-ms="2787" status="SKIP">
          <exception class="java.lang.AssertionError">
            <message>
              <![CDATA[expected [Incorrect email or password. Extra] but found []]]>
            </message>
            <full-stacktrace>
              <![CDATA[java.lang.AssertionError: expected [Incorrect email or password. Extra] but found []
at org.testng.Assert.fail(Assert.java:111)
at org.testng.Assert.failNotEquals(Assert.java:1578)
at org.testng.Assert.assertEqualsImpl(Assert.java:150)
at org.testng.Assert.assertEquals(Assert.java:132)
at org.testng.Assert.assertEquals(Assert.java:656)
at org.testng.Assert.assertEquals(Assert.java:666)
at e2eTesting.NegativeScenario.negativeTest(NegativeScenario.java:13)
at java.base/jdk.internal.reflect.NativeMethodAccessorImpl.invoke0(Native Method)
at java.base/jdk.internal.reflect.NativeMethodAccessorImpl.invoke(NativeMethodAccessorImpl.java:78)
at java.base/jdk.internal.reflect.DelegatingMethodAccessorImpl.invoke(DelegatingMethodAccessorImpl.java:43)
at java.base/java.lang.reflect.Method.invoke(Method.java:567)
at org.testng.internal.invokers.MethodInvocationHelper.invokeMethod(MethodInvocationHelper.java:139)
at org.testng.internal.invokers.TestInvoker.invokeMethod(TestInvoker.java:664)
at org.testng.internal.invokers.TestInvoker.invokeTestMethod(TestInvoker.java:227)
at org.testng.internal.invokers.MethodRunner.runInSequence(MethodRunner.java:50)
at org.testng.internal.invokers.TestInvoker$MethodInvocationAgent.invoke(TestInvoker.java:957)
at org.testng.internal.invokers.TestInvoker.invokeTestMethods(TestInvoker.java:200)
at org.testng.internal.invokers.TestMethodWorker.invokeTestMethods(TestMethodWorker.java:148)
at org.testng.internal.invokers.TestMethodWorker.run(TestMethodWorker.java:128)
at java.base/java.util.ArrayList.forEach(ArrayList.java:1511)
at org.testng.TestRunner.privateRun(TestRunner.java:848)
at org.testng.TestRunner.run(TestRunner.java:621)
at org.testng.SuiteRunner.runTest(SuiteRunner.java:443)
at org.testng.SuiteRunner.runSequentially(SuiteRunner.java:437)
at org.testng.SuiteRunner.privateRun(SuiteRunner.java:397)
at org.testng.SuiteRunner.run(SuiteRunner.java:336)
at org.testng.SuiteRunnerWorker.runSuite(SuiteRunnerWorker.java:52)
at org.testng.SuiteRunnerWorker.run(SuiteRunnerWorker.java:95)
at org.testng.TestNG.runSuitesSequentially(TestNG.java:1280)
at org.testng.TestNG.runSuitesLocally(TestNG.java:1200)
at org.testng.TestNG.runSuites(TestNG.java:1114)
at org.testng.TestNG.run(TestNG.java:1082)
at org.apache.maven.surefire.testng.TestNGExecutor.run(TestNGExecutor.java:308)
at org.apache.maven.surefire.testng.TestNGXmlTestSuite.execute(TestNGXmlTestSuite.java:71)
at org.apache.maven.surefire.testng.TestNGProvider.invoke(TestNGProvider.java:113)
at org.apache.maven.surefire.booter.ForkedBooter.runSuitesInProcess(ForkedBooter.java:385)
at org.apache.maven.surefire.booter.ForkedBooter.execute(ForkedBooter.java:162)
at org.apache.maven.surefire.booter.ForkedBooter.run(ForkedBooter.java:507)
at org.apache.maven.surefire.booter.ForkedBooter.main(ForkedBooter.java:495)
]]>
            </full-stacktrace>
          </exception> <!-- java.lang.AssertionError -->
          <reporter-output>
          </reporter-output>
        </test-method> <!-- negativeTest -->
        <test-method is-config="true" signature="tearDown()[pri:0, instance:e2eTesting.NegativeScenario@6fdbe764]" started-at="2023-09-25T14:14:24 PDT" name="tearDown" finished-at="2023-09-25T14:14:24 PDT" duration-ms="184" status="PASS">
          <reporter-output>
          </reporter-output>
        </test-method> <!-- tearDown -->
        <test-method is-config="true" signature="launchURL()[pri:0, instance:e2eTesting.NegativeScenario@6fdbe764]" started-at="2023-09-25T14:14:24 PDT" name="launchURL" finished-at="2023-09-25T14:14:38 PDT" duration-ms="13705" status="PASS">
          <reporter-output>
          </reporter-output>
        </test-method> <!-- launchURL -->
        <test-method signature="negativeTest()[pri:0, instance:e2eTesting.NegativeScenario@6fdbe764]" started-at="2023-09-25T14:14:38 PDT" name="negativeTest" finished-at="2023-09-25T14:14:40 PDT" duration-ms="2419" status="FAIL">
          <exception class="java.lang.AssertionError">
            <message>
              <![CDATA[expected [Incorrect email or password. Extra] but found []]]>
            </message>
            <full-stacktrace>
              <![CDATA[java.lang.AssertionError: expected [Incorrect email or password. Extra] but found []
at org.testng.Assert.fail(Assert.java:111)
at org.testng.Assert.failNotEquals(Assert.java:1578)
at org.testng.Assert.assertEqualsImpl(Assert.java:150)
at org.testng.Assert.assertEquals(Assert.java:132)
at org.testng.Assert.assertEquals(Assert.java:656)
at org.testng.Assert.assertEquals(Assert.java:666)
at e2eTesting.NegativeScenario.negativeTest(NegativeScenario.java:13)
at java.base/jdk.internal.reflect.NativeMethodAccessorImpl.invoke0(Native Method)
at java.base/jdk.internal.reflect.NativeMethodAccessorImpl.invoke(NativeMethodAccessorImpl.java:78)
at java.base/jdk.internal.reflect.DelegatingMethodAccessorImpl.invoke(DelegatingMethodAccessorImpl.java:43)
at java.base/java.lang.reflect.Method.invoke(Method.java:567)
at org.testng.internal.invokers.MethodInvocationHelper.invokeMethod(MethodInvocationHelper.java:139)
at org.testng.internal.invokers.TestInvoker.invokeMethod(TestInvoker.java:664)
at org.testng.internal.invokers.TestInvoker.retryFailed(TestInvoker.java:248)
at org.testng.internal.invokers.MethodRunner.runInSequence(MethodRunner.java:62)
at org.testng.internal.invokers.TestInvoker$MethodInvocationAgent.invoke(TestInvoker.java:957)
at org.testng.internal.invokers.TestInvoker.invokeTestMethods(TestInvoker.java:200)
at org.testng.internal.invokers.TestMethodWorker.invokeTestMethods(TestMethodWorker.java:148)
at org.testng.internal.invokers.TestMethodWorker.run(TestMethodWorker.java:128)
at java.base/java.util.ArrayList.forEach(ArrayList.java:1511)
at org.testng.TestRunner.privateRun(TestRunner.java:848)
at org.testng.TestRunner.run(TestRunner.java:621)
at org.testng.SuiteRunner.runTest(SuiteRunner.java:443)
at org.testng.SuiteRunner.runSequentially(SuiteRunner.java:437)
at org.testng.SuiteRunner.privateRun(SuiteRunner.java:397)
at org.testng.SuiteRunner.run(SuiteRunner.java:336)
at org.testng.SuiteRunnerWorker.runSuite(SuiteRunnerWorker.java:52)
at org.testng.SuiteRunnerWorker.run(SuiteRunnerWorker.java:95)
at org.testng.TestNG.runSuitesSequentially(TestNG.java:1280)
at org.testng.TestNG.runSuitesLocally(TestNG.java:1200)
at org.testng.TestNG.runSuites(TestNG.java:1114)
at org.testng.TestNG.run(TestNG.java:1082)
at org.apache.maven.surefire.testng.TestNGExecutor.run(TestNGExecutor.java:308)
at org.apache.maven.surefire.testng.TestNGXmlTestSuite.execute(TestNGXmlTestSuite.java:71)
at org.apache.maven.surefire.testng.TestNGProvider.invoke(TestNGProvider.java:113)
at org.apache.maven.surefire.booter.ForkedBooter.runSuitesInProcess(ForkedBooter.java:385)
at org.apache.maven.surefire.booter.ForkedBooter.execute(ForkedBooter.java:162)
at org.apache.maven.surefire.booter.ForkedBooter.run(ForkedBooter.java:507)
at org.apache.maven.surefire.booter.ForkedBooter.main(ForkedBooter.java:495)
]]>
            </full-stacktrace>
          </exception> <!-- java.lang.AssertionError -->
          <reporter-output>
          </reporter-output>
        </test-method> <!-- negativeTest -->
        <test-method is-config="true" signature="tearDown()[pri:0, instance:e2eTesting.NegativeScenario@6fdbe764]" started-at="2023-09-25T14:14:41 PDT" name="tearDown" finished-at="2023-09-25T14:14:42 PDT" duration-ms="200" status="PASS">
          <reporter-output>
          </reporter-output>
        </test-method> <!-- tearDown -->
      </class> <!-- e2eTesting.NegativeScenario -->
      <class name="e2eTesting.EcommercePageFactoryTesting">
        <test-method is-config="true" signature="launchURL()[pri:0, instance:e2eTesting.EcommercePageFactoryTesting@428640fa]" started-at="2023-09-25T14:12:47 PDT" name="launchURL" finished-at="2023-09-25T14:13:06 PDT" duration-ms="18847" status="PASS">
          <reporter-output>
          </reporter-output>
        </test-method> <!-- launchURL -->
        <test-method signature="test(java.util.HashMap)[pri:0, instance:e2eTesting.EcommercePageFactoryTesting@428640fa]" started-at="2023-09-25T14:13:06 PDT" name="test" data-provider="getData" finished-at="2023-09-25T14:13:20 PDT" duration-ms="14626" status="PASS">
          <params>
            <param index="0">
              <value>
                <![CDATA[{password=Abcd@123, username=nabeelans@gmail.com}]]>
              </value>
            </param>
          </params>
          <reporter-output>
          </reporter-output>
        </test-method> <!-- test -->
        <test-method is-config="true" signature="tearDown()[pri:0, instance:e2eTesting.EcommercePageFactoryTesting@428640fa]" started-at="2023-09-25T14:13:20 PDT" name="tearDown" finished-at="2023-09-25T14:13:20 PDT" duration-ms="150" status="PASS">
          <reporter-output>
          </reporter-output>
        </test-method> <!-- tearDown -->
        <test-method is-config="true" signature="launchURL()[pri:0, instance:e2eTesting.EcommercePageFactoryTesting@428640fa]" started-at="2023-09-25T14:13:20 PDT" name="launchURL" finished-at="2023-09-25T14:13:34 PDT" duration-ms="13622" status="PASS">
          <reporter-output>
          </reporter-output>
        </test-method> <!-- launchURL -->
        <test-method signature="test(java.util.HashMap)[pri:0, instance:e2eTesting.EcommercePageFactoryTesting@428640fa]" started-at="2023-09-25T14:13:34 PDT" name="test" data-provider="getData" finished-at="2023-09-25T14:13:48 PDT" duration-ms="14128" status="PASS">
          <params>
            <param index="0">
              <value>
                <![CDATA[{password=Abcd@123, username=sathish123@gmail.com}]]>
              </value>
            </param>
          </params>
          <reporter-output>
          </reporter-output>
        </test-method> <!-- test -->
        <test-method is-config="true" signature="tearDown()[pri:0, instance:e2eTesting.EcommercePageFactoryTesting@428640fa]" started-at="2023-09-25T14:13:48 PDT" name="tearDown" finished-at="2023-09-25T14:13:48 PDT" duration-ms="142" status="PASS">
          <reporter-output>
          </reporter-output>
        </test-method> <!-- tearDown -->
        <test-method is-config="true" signature="launchURL()[pri:0, instance:e2eTesting.EcommercePageFactoryTesting@428640fa]" started-at="2023-09-25T14:13:48 PDT" name="launchURL" finished-at="2023-09-25T14:14:00 PDT" duration-ms="11988" status="PASS">
          <reporter-output>
          </reporter-output>
        </test-method> <!-- launchURL -->
        <test-method signature="orderTest()[pri:0, instance:e2eTesting.EcommercePageFactoryTesting@428640fa]" started-at="2023-09-25T14:14:00 PDT" name="orderTest" finished-at="2023-09-25T14:14:08 PDT" depends-on-methods="e2eTesting.EcommercePageFactoryTesting.test" duration-ms="7716" status="PASS">
          <reporter-output>
          </reporter-output>
        </test-method> <!-- orderTest -->
        <test-method is-config="true" signature="tearDown()[pri:0, instance:e2eTesting.EcommercePageFactoryTesting@428640fa]" started-at="2023-09-25T14:14:08 PDT" name="tearDown" finished-at="2023-09-25T14:14:08 PDT" duration-ms="130" status="PASS">
          <reporter-output>
          </reporter-output>
        </test-method> <!-- tearDown -->
      </class> <!-- e2eTesting.EcommercePageFactoryTesting -->
    </test> <!-- Test -->
  </suite> <!-- Suite -->
</testng-results>
